Collecting fastapi>=0.115.0 (from -r requirements.txt (line 1))
  Downloading fastapi-0.136.3-py3-none-any.whl.metadata (27 kB)
Collecting uvicorn>=0.32.0 (from uvicorn[standard]>=0.32.0->-r requirements.txt (line 2))
  Downloading uvicorn-0.48.0-py3-none-any.whl.metadata (6.7 kB)
Collecting python-multipart>=0.0.18 (from -r requirements.txt (line 3))
  Downloading python_multipart-0.0.29-py3-none-any.whl.metadata (2.1 kB)
Collecting sqlalchemy>=2.0.36 (from -r requirements.txt (line 4))
  Downloading sqlalchemy-2.0.49-cp314-cp314-win_amd64.whl.metadata (9.8 kB)
WARNING: Cache entry deserialization failed, entry ignored
Collecting pydantic>=2.9.2 (from -r requirements.txt (line 5))
  Downloading pydantic-2.13.4-py3-none-any.whl.metadata (109 kB)
WARNING: Cache entry deserialization failed, entry ignored
Collecting python-dotenv>=1.0.1 (from -r requirements.txt (line 6))
  Using cached python_dotenv-1.2.2-py3-none-any.whl.metadata (27 kB)
Collecting docling>=2.10.0 (from -r requirements.txt (line 7))
  Downloading docling-2.95.0-py3-none-any.whl.metadata (10 kB)
Collecting google-genai>=0.3.0 (from -r requirements.txt (line 8))
  Downloading google_genai-2.6.0-py3-none-any.whl.metadata (52 kB)
WARNING: Cache entry deserialization failed, entry ignored
Collecting Pillow>=11.0.0 (from -r requirements.txt (line 9))
  Downloading pillow-12.2.0-cp314-cp314-win_amd64.whl.metadata (9.0 kB)
Collecting starlette>=0.46.0 (from fastapi>=0.115.0->-r requirements.txt (line 1))
  Downloading starlette-1.1.0-py3-none-any.whl.metadata (6.3 kB)
WARNING: Cache entry deserialization failed, entry ignored
Collecting typing-extensions>=4.8.0 (from fastapi>=0.115.0->-r requirements.txt (line 1))
  Using cached typing_extensions-4.15.0-py3-none-any.whl.metadata (3.3 kB)
WARNING: Cache entry deserialization failed, entry ignored
Collecting typing-inspection>=0.4.2 (from fastapi>=0.115.0->-r requirements.txt (line 1))
  Using cached typing_inspection-0.4.2-py3-none-any.whl.metadata (2.6 kB)
Collecting annotated-doc>=0.0.2 (from fastapi>=0.115.0->-r requirements.txt (line 1))
  Downloading annotated_doc-0.0.4-py3-none-any.whl.metadata (6.6 kB)
WARNING: Cache entry deserialization failed, entry ignored
Collecting click>=7.0 (from uvicorn>=0.32.0->uvicorn[standard]>=0.32.0->-r requirements.txt (line 2))
  Downloading click-8.4.1-py3-none-any.whl.metadata (2.6 kB)
WARNING: Cache entry deserialization failed, entry ignored
Collecting h11>=0.8 (from uvicorn>=0.32.0->uvicorn[standard]>=0.32.0->-r requirements.txt (line 2))
  Using cached h11-0.16.0-py3-none-any.whl.metadata (8.3 kB)
Collecting greenlet>=1 (from sqlalchemy>=2.0.36->-r requirements.txt (line 4))
  Downloading greenlet-3.5.1-cp314-cp314-win_amd64.whl.metadata (3.9 kB)
WARNING: Cache entry deserialization failed, entry ignored
Collecting annotated-types>=0.6.0 (from pydantic>=2.9.2->-r requirements.txt (line 5))
  Using cached annotated_types-0.7.0-py3-none-any.whl.metadata (15 kB)
WARNING: Cache entry deserialization failed, entry ignored
Collecting pydantic-core==2.46.4 (from pydantic>=2.9.2->-r requirements.txt (line 5))
  Downloading pydantic_core-2.46.4-cp314-cp314-win_amd64.whl.metadata (6.7 kB)
Collecting docling-slim==2.95.0 (from docling-slim[standard]==2.95.0->docling>=2.10.0->-r requirements.txt (line 7))
  Downloading docling_slim-2.95.0-py3-none-any.whl.metadata (15 kB)
WARNING: Cache entry deserialization failed, entry ignored
Collecting certifi>=2024.7.4 (from docling-slim==2.95.0->docling-slim[standard]==2.95.0->docling>=2.10.0->-r requirements.txt (line 7))
  Downloading certifi-2026.5.20-py3-none-any.whl.metadata (2.5 kB)
Collecting docling-core<3.0.0,>=2.73.0 (from docling-slim==2.95.0->docling-slim[standard]==2.95.0->docling>=2.10.0->-r requirements.txt (line 7))
  Downloading docling_core-2.77.0-py3-none-any.whl.metadata (8.2 kB)
Collecting filetype<2.0.0,>=1.2.0 (from docling-slim==2.95.0->docling-slim[standard]==2.95.0->docling>=2.10.0->-r requirements.txt (line 7))
  Downloading filetype-1.2.0-py2.py3-none-any.whl.metadata (6.5 kB)
Collecting pluggy<2.0.0,>=1.0.0 (from docling-slim==2.95.0->docling-slim[standard]==2.95.0->docling>=2.10.0->-r requirements.txt (line 7))
  Downloading pluggy-1.6.0-py3-none-any.whl.metadata (4.8 kB)
Collecting pydantic-settings<3.0.0,>=2.3.0 (from docling-slim==2.95.0->docling-slim[standard]==2.95.0->docling>=2.10.0->-r requirements.txt (line 7))
  Downloading pydantic_settings-2.14.1-py3-none-any.whl.metadata (3.4 kB)
WARNING: Cache entry deserialization failed, entry ignored
Collecting requests<3.0.0,>=2.32.2 (from docling-slim==2.95.0->docling-slim[standard]==2.95.0->docling>=2.10.0->-r requirements.txt (line 7))
  Downloading requests-2.34.2-py3-none-any.whl.metadata (4.8 kB)
Collecting tqdm<5.0.0,>=4.65.0 (from docling-slim==2.95.0->docling-slim[standard]==2.95.0->docling>=2.10.0->-r requirements.txt (line 7))
  Downloading tqdm-4.67.3-py3-none-any.whl.metadata (57 kB)
Collecting accelerate<2,>=1.0.0 (from docling-slim[standard]==2.95.0->docling>=2.10.0->-r requirements.txt (line 7))
  Downloading accelerate-1.13.0-py3-none-any.whl.metadata (19 kB)
Collecting beautifulsoup4<5.0.0,>=4.12.3 (from docling-slim[standard]==2.95.0->docling>=2.10.0->-r requirements.txt (line 7))
  Downloading beautifulsoup4-4.14.3-py3-none-any.whl.metadata (3.8 kB)
Collecting defusedxml<0.8.0,>=0.7.1 (from docling-slim[standard]==2.95.0->docling>=2.10.0->-r requirements.txt (line 7))
  Downloading defusedxml-0.7.1-py2.py3-none-any.whl.metadata (32 kB)
Collecting docling-ibm-models<4,>=3.13.0 (from docling-slim[standard]==2.95.0->docling>=2.10.0->-r requirements.txt (line 7))
  Downloading docling_ibm_models-3.13.2-py3-none-any.whl.metadata (7.3 kB)
Collecting docling-parse<6.0.0,>=5.3.2 (from docling-slim[standard]==2.95.0->docling>=2.10.0->-r requirements.txt (line 7))
  Downloading docling_parse-5.11.0-cp314-cp314-win_amd64.whl.metadata (10 kB)
WARNING: Cache entry deserialization failed, entry ignored
Collecting httpx<1.0.0,>=0.28 (from docling-slim[standard]==2.95.0->docling>=2.10.0->-r requirements.txt (line 7))
  Using cached httpx-0.28.1-py3-none-any.whl.metadata (7.1 kB)
Collecting huggingface-hub<2,>=0.23 (from docling-slim[standard]==2.95.0->docling>=2.10.0->-r requirements.txt (line 7))
  Downloading huggingface_hub-1.16.1-py3-none-any.whl.metadata (14 kB)
Collecting lxml<7.0.0,>=4.0.0 (from docling-slim[standard]==2.95.0->docling>=2.10.0->-r requirements.txt (line 7))
  Downloading lxml-6.1.1-cp314-cp314-win_amd64.whl.metadata (3.6 kB)
Collecting marko<3.0.0,>=2.1.2 (from docling-slim[standard]==2.95.0->docling>=2.10.0->-r requirements.txt (line 7))
  Downloading marko-2.2.2-py3-none-any.whl.metadata (4.5 kB)
WARNING: Cache entry deserialization failed, entry ignored
Collecting numpy<3.0.0,>=1.24.0 (from docling-slim[standard]==2.95.0->docling>=2.10.0->-r requirements.txt (line 7))
  Downloading numpy-2.4.6-cp314-cp314-win_amd64.whl.metadata (6.6 kB)
Collecting openpyxl<4.0.0,>=3.1.5 (from docling-slim[standard]==2.95.0->docling>=2.10.0->-r requirements.txt (line 7))
  Downloading openpyxl-3.1.5-py2.py3-none-any.whl.metadata (2.5 kB)
Collecting polyfactory>=2.22.2 (from docling-slim[standard]==2.95.0->docling>=2.10.0->-r requirements.txt (line 7))
  Downloading polyfactory-3.3.0-py3-none-any.whl.metadata (27 kB)
Collecting pylatexenc<3.0,>=2.10 (from docling-slim[standard]==2.95.0->docling>=2.10.0->-r requirements.txt (line 7))
  Downloading pylatexenc-2.10.tar.gz (162 kB)
  Installing build dependencies: started
  Installing build dependencies: finished with status 'done'
  Getting requirements to build wheel: started
  Getting requirements to build wheel: finished with status 'done'
  Preparing metadata (pyproject.toml): started
  Preparing metadata (pyproject.toml): finished with status 'done'
Collecting pypdfium2!=4.30.1,<6.0.0,>=4.30.0 (from docling-slim[standard]==2.95.0->docling>=2.10.0->-r requirements.txt (line 7))
  Downloading pypdfium2-5.8.0-py3-none-win_amd64.whl.metadata (68 kB)
Collecting python-docx<2.0.0,>=1.1.2 (from docling-slim[standard]==2.95.0->docling>=2.10.0->-r requirements.txt (line 7))
  Downloading python_docx-1.2.0-py3-none-any.whl.metadata (2.0 kB)
Collecting python-pptx<2.0.0,>=1.0.2 (from docling-slim[standard]==2.95.0->docling>=2.10.0->-r requirements.txt (line 7))
  Downloading python_pptx-1.0.2-py3-none-any.whl.metadata (2.5 kB)
Collecting rapidocr<4.0.0,>=3.8 (from docling-slim[standard]==2.95.0->docling>=2.10.0->-r requirements.txt (line 7))
  Downloading rapidocr-3.8.1-py3-none-any.whl.metadata (1.5 kB)
Collecting rich>=13.0.0 (from docling-slim[standard]==2.95.0->docling>=2.10.0->-r requirements.txt (line 7))
  Downloading rich-15.0.0-py3-none-any.whl.metadata (18 kB)
Collecting rtree<2.0.0,>=1.3.0 (from docling-slim[standard]==2.95.0->docling>=2.10.0->-r requirements.txt (line 7))
  Downloading rtree-1.4.1-py3-none-win_amd64.whl.metadata (2.2 kB)
WARNING: Cache entry deserialization failed, entry ignored
Collecting scipy<2.0.0,>=1.6.0 (from docling-slim[standard]==2.95.0->docling>=2.10.0->-r requirements.txt (line 7))
  Using cached scipy-1.17.1-cp314-cp314-win_amd64.whl.metadata (60 kB)
Collecting torch<3.0.0,>=2.2.2 (from docling-slim[standard]==2.95.0->docling>=2.10.0->-r requirements.txt (line 7))
  Downloading torch-2.12.0-cp314-cp314-win_amd64.whl.metadata (31 kB)
Collecting torchvision<1,>=0 (from docling-slim[standard]==2.95.0->docling>=2.10.0->-r requirements.txt (line 7))
  Downloading torchvision-0.27.0-cp314-cp314-win_amd64.whl.metadata (5.5 kB)
Collecting typer<0.22.0,>=0.12.5 (from docling-slim[standard]==2.95.0->docling>=2.10.0->-r requirements.txt (line 7))
  Downloading typer-0.21.2-py3-none-any.whl.metadata (16 kB)
Collecting websockets<17.0,>=14.0 (from docling-slim[standard]==2.95.0->docling>=2.10.0->-r requirements.txt (line 7))
  Downloading websockets-16.0-cp314-cp314-win_amd64.whl.metadata (7.0 kB)
WARNING: Cache entry deserialization failed, entry ignored
Collecting packaging>=20.0 (from accelerate<2,>=1.0.0->docling-slim[standard]==2.95.0->docling>=2.10.0->-r requirements.txt (line 7))
  Downloading packaging-26.2-py3-none-any.whl.metadata (3.5 kB)
Collecting psutil (from accelerate<2,>=1.0.0->docling-slim[standard]==2.95.0->docling>=2.10.0->-r requirements.txt (line 7))
  Downloading psutil-7.2.2-cp37-abi3-win_amd64.whl.metadata (22 kB)
Collecting pyyaml (from accelerate<2,>=1.0.0->docling-slim[standard]==2.95.0->docling>=2.10.0->-r requirements.txt (line 7))
  Downloading pyyaml-6.0.3-cp314-cp314-win_amd64.whl.metadata (2.4 kB)
Collecting safetensors>=0.4.3 (from accelerate<2,>=1.0.0->docling-slim[standard]==2.95.0->docling>=2.10.0->-r requirements.txt (line 7))
  Downloading safetensors-0.7.0-cp38-abi3-win_amd64.whl.metadata (4.2 kB)
Collecting soupsieve>=1.6.1 (from beautifulsoup4<5.0.0,>=4.12.3->docling-slim[standard]==2.95.0->docling>=2.10.0->-r requirements.txt (line 7))
  Downloading soupsieve-2.8.3-py3-none-any.whl.metadata (4.6 kB)
Collecting jsonschema<5.0.0,>=4.16.0 (from docling-core<3.0.0,>=2.73.0->docling-slim==2.95.0->docling-slim[standard]==2.95.0->docling>=2.10.0->-r requirements.txt (line 7))
  Downloading jsonschema-4.26.0-py3-none-any.whl.metadata (7.6 kB)
Collecting jsonref<2.0.0,>=1.1.0 (from docling-core<3.0.0,>=2.73.0->docling-slim==2.95.0->docling-slim[standard]==2.95.0->docling>=2.10.0->-r requirements.txt (line 7))
  Downloading jsonref-1.1.0-py3-none-any.whl.metadata (2.7 kB)
Collecting tabulate<0.11.0,>=0.9.0 (from docling-core<3.0.0,>=2.73.0->docling-slim==2.95.0->docling-slim[standard]==2.95.0->docling>=2.10.0->-r requirements.txt (line 7))
  Downloading tabulate-0.10.0-py3-none-any.whl.metadata (40 kB)
WARNING: Cache entry deserialization failed, entry ignored
Collecting pandas<4.0.0,>=2.1.4 (from docling-core<3.0.0,>=2.73.0->docling-slim==2.95.0->docling-slim[standard]==2.95.0->docling>=2.10.0->-r requirements.txt (line 7))
  Downloading pandas-3.0.3-cp314-cp314-win_amd64.whl.metadata (19 kB)
Collecting latex2mathml<4.0.0,>=3.77.0 (from docling-core<3.0.0,>=2.73.0->docling-slim==2.95.0->docling-slim[standard]==2.95.0->docling>=2.10.0->-r requirements.txt (line 7))
  Downloading latex2mathml-3.81.0-py3-none-any.whl.metadata (15 kB)
Collecting semchunk<4.0.0,>=2.2.0 (from docling-core[chunking]<3.0.0,>=2.73.0; extra == "standard"->docling-slim[standard]==2.95.0->docling>=2.10.0->-r requirements.txt (line 7))
  Downloading semchunk-3.2.5-py3-none-any.whl.metadata (14 kB)
Collecting tree-sitter<0.27.0,>=0.25.0 (from docling-core[chunking]<3.0.0,>=2.73.0; extra == "standard"->docling-slim[standard]==2.95.0->docling>=2.10.0->-r requirements.txt (line 7))
  Downloading tree_sitter-0.25.2-cp314-cp314-win_amd64.whl.metadata (10 kB)
Collecting tree-sitter-python>=0.23.6 (from docling-core[chunking]<3.0.0,>=2.73.0; extra == "standard"->docling-slim[standard]==2.95.0->docling>=2.10.0->-r requirements.txt (line 7))
  Downloading tree_sitter_python-0.25.0-cp310-abi3-win_amd64.whl.metadata (1.9 kB)
Collecting tree-sitter-c>=0.23.4 (from docling-core[chunking]<3.0.0,>=2.73.0; extra == "standard"->docling-slim[standard]==2.95.0->docling>=2.10.0->-r requirements.txt (line 7))
  Downloading tree_sitter_c-0.24.2-cp310-abi3-win_amd64.whl.metadata (1.8 kB)
Collecting tree-sitter-javascript>=0.23.1 (from docling-core[chunking]<3.0.0,>=2.73.0; extra == "standard"->docling-slim[standard]==2.95.0->docling>=2.10.0->-r requirements.txt (line 7))
  Downloading tree_sitter_javascript-0.25.0-cp310-abi3-win_amd64.whl.metadata (2.3 kB)
Collecting tree-sitter-typescript>=0.23.2 (from docling-core[chunking]<3.0.0,>=2.73.0; extra == "standard"->docling-slim[standard]==2.95.0->docling>=2.10.0->-r requirements.txt (line 7))
  Downloading tree_sitter_typescript-0.23.2-cp39-abi3-win_amd64.whl.metadata (2.4 kB)
Collecting transformers<6.0.0,>=4.34.0 (from docling-core[chunking]<3.0.0,>=2.73.0; extra == "standard"->docling-slim[standard]==2.95.0->docling>=2.10.0->-r requirements.txt (line 7))
  Downloading transformers-5.9.0-py3-none-any.whl.metadata (33 kB)
Collecting jsonlines<5.0.0,>=3.1.0 (from docling-ibm-models<4,>=3.13.0->docling-slim[standard]==2.95.0->docling>=2.10.0->-r requirements.txt (line 7))
  Downloading jsonlines-4.0.0-py3-none-any.whl.metadata (1.6 kB)
Collecting pywin32>=305 (from docling-parse<6.0.0,>=5.3.2->docling-slim[standard]==2.95.0->docling>=2.10.0->-r requirements.txt (line 7))
  Downloading pywin32-311-cp314-cp314-win_amd64.whl.metadata (10 kB)
WARNING: Cache entry deserialization failed, entry ignored
Collecting anyio (from httpx<1.0.0,>=0.28->docling-slim[standard]==2.95.0->docling>=2.10.0->-r requirements.txt (line 7))
  Using cached anyio-4.13.0-py3-none-any.whl.metadata (4.5 kB)
WARNING: Cache entry deserialization failed, entry ignored
Collecting httpcore==1.* (from httpx<1.0.0,>=0.28->docling-slim[standard]==2.95.0->docling>=2.10.0->-r requirements.txt (line 7))
  Using cached httpcore-1.0.9-py3-none-any.whl.metadata (21 kB)
WARNING: Cache entry deserialization failed, entry ignored
Collecting idna (from httpx<1.0.0,>=0.28->docling-slim[standard]==2.95.0->docling>=2.10.0->-r requirements.txt (line 7))
  Downloading idna-3.16-py3-none-any.whl.metadata (6.4 kB)
Collecting filelock>=3.10.0 (from huggingface-hub<2,>=0.23->docling-slim[standard]==2.95.0->docling>=2.10.0->-r requirements.txt (line 7))
  Downloading filelock-3.29.0-py3-none-any.whl.metadata (2.0 kB)
Collecting fsspec>=2023.5.0 (from huggingface-hub<2,>=0.23->docling-slim[standard]==2.95.0->docling>=2.10.0->-r requirements.txt (line 7))
  Downloading fsspec-2026.4.0-py3-none-any.whl.metadata (10 kB)
Collecting hf-xet<2.0.0,>=1.4.3 (from huggingface-hub<2,>=0.23->docling-slim[standard]==2.95.0->docling>=2.10.0->-r requirements.txt (line 7))
  Downloading hf_xet-1.5.0-cp37-abi3-win_amd64.whl.metadata (4.9 kB)
WARNING: Cache entry deserialization failed, entry ignored
Collecting attrs>=19.2.0 (from jsonlines<5.0.0,>=3.1.0->docling-ibm-models<4,>=3.13.0->docling-slim[standard]==2.95.0->docling>=2.10.0->-r requirements.txt (line 7))
  Using cached attrs-26.1.0-py3-none-any.whl.metadata (8.8 kB)
Collecting jsonschema-specifications>=2023.03.6 (from jsonschema<5.0.0,>=4.16.0->docling-core<3.0.0,>=2.73.0->docling-slim==2.95.0->docling-slim[standard]==2.95.0->docling>=2.10.0->-r requirements.txt (line 7))
  Downloading jsonschema_specifications-2025.9.1-py3-none-any.whl.metadata (2.9 kB)
Collecting referencing>=0.28.4 (from jsonschema<5.0.0,>=4.16.0->docling-core<3.0.0,>=2.73.0->docling-slim==2.95.0->docling-slim[standard]==2.95.0->docling>=2.10.0->-r requirements.txt (line 7))
  Downloading referencing-0.37.0-py3-none-any.whl.metadata (2.8 kB)
Collecting rpds-py>=0.25.0 (from jsonschema<5.0.0,>=4.16.0->docling-core<3.0.0,>=2.73.0->docling-slim==2.95.0->docling-slim[standard]==2.95.0->docling>=2.10.0->-r requirements.txt (line 7))
  Downloading rpds_py-0.30.0-cp314-cp314-win_amd64.whl.metadata (4.2 kB)
Collecting et-xmlfile (from openpyxl<4.0.0,>=3.1.5->docling-slim[standard]==2.95.0->docling>=2.10.0->-r requirements.txt (line 7))
  Downloading et_xmlfile-2.0.0-py3-none-any.whl.metadata (2.7 kB)
WARNING: Cache entry deserialization failed, entry ignored
Collecting python-dateutil>=2.8.2 (from pandas<4.0.0,>=2.1.4->docling-core<3.0.0,>=2.73.0->docling-slim==2.95.0->docling-slim[standard]==2.95.0->docling>=2.10.0->-r requirements.txt (line 7))
  Using cached python_dateutil-2.9.0.post0-py2.py3-none-any.whl.metadata (8.4 kB)
WARNING: Cache entry deserialization failed, entry ignored
Collecting tzdata (from pandas<4.0.0,>=2.1.4->docling-core<3.0.0,>=2.73.0->docling-slim==2.95.0->docling-slim[standard]==2.95.0->docling>=2.10.0->-r requirements.txt (line 7))
  Downloading tzdata-2026.2-py2.py3-none-any.whl.metadata (1.4 kB)
Collecting XlsxWriter>=0.5.7 (from python-pptx<2.0.0,>=1.0.2->docling-slim[standard]==2.95.0->docling>=2.10.0->-r requirements.txt (line 7))
  Downloading xlsxwriter-3.2.9-py3-none-any.whl.metadata (2.7 kB)
Collecting pyclipper>=1.2.0 (from rapidocr<4.0.0,>=3.8->docling-slim[standard]==2.95.0->docling>=2.10.0->-r requirements.txt (line 7))
  Downloading pyclipper-1.4.0-cp314-cp314-win_amd64.whl.metadata (8.8 kB)
Collecting opencv_python>=4.5.1.48 (from rapidocr<4.0.0,>=3.8->docling-slim[standard]==2.95.0->docling>=2.10.0->-r requirements.txt (line 7))
  Downloading opencv_python-4.13.0.92-cp37-abi3-win_amd64.whl.metadata (20 kB)
WARNING: Cache entry deserialization failed, entry ignored
Collecting six>=1.15.0 (from rapidocr<4.0.0,>=3.8->docling-slim[standard]==2.95.0->docling>=2.10.0->-r requirements.txt (line 7))
  Using cached six-1.17.0-py2.py3-none-any.whl.metadata (1.7 kB)
Collecting Shapely!=2.0.4,>=1.7.1 (from rapidocr<4.0.0,>=3.8->docling-slim[standard]==2.95.0->docling>=2.10.0->-r requirements.txt (line 7))
  Downloading shapely-2.1.2-cp314-cp314-win_amd64.whl.metadata (7.1 kB)
Collecting omegaconf (from rapidocr<4.0.0,>=3.8->docling-slim[standard]==2.95.0->docling>=2.10.0->-r requirements.txt (line 7))
  Downloading omegaconf-2.3.0-py3-none-any.whl.metadata (3.9 kB)
Collecting colorlog (from rapidocr<4.0.0,>=3.8->docling-slim[standard]==2.95.0->docling>=2.10.0->-r requirements.txt (line 7))
  Downloading colorlog-6.10.1-py3-none-any.whl.metadata (11 kB)
WARNING: Cache entry deserialization failed, entry ignored
Collecting charset_normalizer<4,>=2 (from requests<3.0.0,>=2.32.2->docling-slim==2.95.0->docling-slim[standard]==2.95.0->docling>=2.10.0->-r requirements.txt (line 7))
  Downloading charset_normalizer-3.4.7-cp314-cp314-win_amd64.whl.metadata (41 kB)
WARNING: Cache entry deserialization failed, entry ignored
Collecting urllib3<3,>=1.26 (from requests<3.0.0,>=2.32.2->docling-slim==2.95.0->docling-slim[standard]==2.95.0->docling>=2.10.0->-r requirements.txt (line 7))
  Downloading urllib3-2.7.0-py3-none-any.whl.metadata (6.9 kB)
Collecting mpire[dill] (from semchunk<4.0.0,>=2.2.0->docling-core[chunking]<3.0.0,>=2.73.0; extra == "standard"->docling-slim[standard]==2.95.0->docling>=2.10.0->-r requirements.txt (line 7))
  Downloading mpire-2.10.2-py3-none-any.whl.metadata (14 kB)
Collecting setuptools<82 (from torch<3.0.0,>=2.2.2->docling-slim[standard]==2.95.0->docling>=2.10.0->-r requirements.txt (line 7))
  Downloading setuptools-81.0.0-py3-none-any.whl.metadata (6.6 kB)
Collecting sympy>=1.13.3 (from torch<3.0.0,>=2.2.2->docling-slim[standard]==2.95.0->docling>=2.10.0->-r requirements.txt (line 7))
  Downloading sympy-1.14.0-py3-none-any.whl.metadata (12 kB)
Collecting networkx>=2.5.1 (from torch<3.0.0,>=2.2.2->docling-slim[standard]==2.95.0->docling>=2.10.0->-r requirements.txt (line 7))
  Downloading networkx-3.6.1-py3-none-any.whl.metadata (6.8 kB)
WARNING: Cache entry deserialization failed, entry ignored
Collecting jinja2 (from torch<3.0.0,>=2.2.2->docling-slim[standard]==2.95.0->docling>=2.10.0->-r requirements.txt (line 7))
  Using cached jinja2-3.1.6-py3-none-any.whl.metadata (2.9 kB)
WARNING: Cache entry deserialization failed, entry ignored
Collecting colorama (from tqdm<5.0.0,>=4.65.0->docling-slim==2.95.0->docling-slim[standard]==2.95.0->docling>=2.10.0->-r requirements.txt (line 7))
  Using cached colorama-0.4.6-py2.py3-none-any.whl.metadata (17 kB)
Collecting regex>=2025.10.22 (from transformers<6.0.0,>=4.34.0->docling-core[chunking]<3.0.0,>=2.73.0; extra == "standard"->docling-slim[standard]==2.95.0->docling>=2.10.0->-r requirements.txt (line 7))
  Downloading regex-2026.5.9-cp314-cp314-win_amd64.whl.metadata (41 kB)
Collecting tokenizers<=0.23.0,>=0.22.0 (from transformers<6.0.0,>=4.34.0->docling-core[chunking]<3.0.0,>=2.73.0; extra == "standard"->docling-slim[standard]==2.95.0->docling>=2.10.0->-r requirements.txt (line 7))
  Downloading tokenizers-0.22.2-cp39-abi3-win_amd64.whl.metadata (7.4 kB)
Collecting shellingham>=1.3.0 (from typer<0.22.0,>=0.12.5->docling-slim[standard]==2.95.0->docling>=2.10.0->-r requirements.txt (line 7))
  Downloading shellingham-1.5.4-py2.py3-none-any.whl.metadata (3.5 kB)
Collecting google-auth<3.0.0,>=2.48.1 (from google-auth[requests]<3.0.0,>=2.48.1->google-genai>=0.3.0->-r requirements.txt (line 8))
  Downloading google_auth-2.53.0-py3-none-any.whl.metadata (5.5 kB)
Collecting tenacity<9.2.0,>=8.2.3 (from google-genai>=0.3.0->-r requirements.txt (line 8))
  Downloading tenacity-9.1.4-py3-none-any.whl.metadata (1.2 kB)
WARNING: Cache entry deserialization failed, entry ignored
Collecting distro<2,>=1.7.0 (from google-genai>=0.3.0->-r requirements.txt (line 8))
  Using cached distro-1.9.0-py3-none-any.whl.metadata (6.8 kB)
WARNING: Cache entry deserialization failed, entry ignored
Collecting sniffio (from google-genai>=0.3.0->-r requirements.txt (line 8))
  Using cached sniffio-1.3.1-py3-none-any.whl.metadata (3.9 kB)
Collecting pyasn1-modules>=0.2.1 (from google-auth<3.0.0,>=2.48.1->google-auth[requests]<3.0.0,>=2.48.1->google-genai>=0.3.0->-r requirements.txt (line 8))
  Downloading pyasn1_modules-0.4.2-py3-none-any.whl.metadata (3.5 kB)
WARNING: Cache entry deserialization failed, entry ignored
Collecting cryptography>=38.0.3 (from google-auth<3.0.0,>=2.48.1->google-auth[requests]<3.0.0,>=2.48.1->google-genai>=0.3.0->-r requirements.txt (line 8))
  Downloading cryptography-48.0.0-cp311-abi3-win_amd64.whl.metadata (4.3 kB)
WARNING: Cache entry deserialization failed, entry ignored
Collecting cffi>=2.0.0 (from cryptography>=38.0.3->google-auth<3.0.0,>=2.48.1->google-auth[requests]<3.0.0,>=2.48.1->google-genai>=0.3.0->-r requirements.txt (line 8))
  Using cached cffi-2.0.0-cp314-cp314-win_amd64.whl.metadata (2.6 kB)
WARNING: Cache entry deserialization failed, entry ignored
Collecting pycparser (from cffi>=2.0.0->cryptography>=38.0.3->google-auth<3.0.0,>=2.48.1->google-auth[requests]<3.0.0,>=2.48.1->google-genai>=0.3.0->-r requirements.txt (line 8))
  Using cached pycparser-3.0-py3-none-any.whl.metadata (8.2 kB)
Collecting faker>=5.0.0 (from polyfactory>=2.22.2->docling-slim[standard]==2.95.0->docling>=2.10.0->-r requirements.txt (line 7))
  Downloading faker-40.19.1-py3-none-any.whl.metadata (16 kB)
Collecting pyasn1<0.7.0,>=0.6.1 (from pyasn1-modules>=0.2.1->google-auth<3.0.0,>=2.48.1->google-auth[requests]<3.0.0,>=2.48.1->google-genai>=0.3.0->-r requirements.txt (line 8))
  Downloading pyasn1-0.6.3-py3-none-any.whl.metadata (8.4 kB)
Collecting markdown-it-py>=2.2.0 (from rich>=13.0.0->docling-slim[standard]==2.95.0->docling>=2.10.0->-r requirements.txt (line 7))
  Downloading markdown_it_py-4.2.0-py3-none-any.whl.metadata (7.4 kB)
Collecting pygments<3.0.0,>=2.13.0 (from rich>=13.0.0->docling-slim[standard]==2.95.0->docling>=2.10.0->-r requirements.txt (line 7))
  Downloading pygments-2.20.0-py3-none-any.whl.metadata (2.5 kB)
Collecting mdurl~=0.1 (from markdown-it-py>=2.2.0->rich>=13.0.0->docling-slim[standard]==2.95.0->docling>=2.10.0->-r requirements.txt (line 7))
  Downloading mdurl-0.1.2-py3-none-any.whl.metadata (1.6 kB)
Collecting mpmath<1.4,>=1.1.0 (from sympy>=1.13.3->torch<3.0.0,>=2.2.2->docling-slim[standard]==2.95.0->docling>=2.10.0->-r requirements.txt (line 7))
  Downloading mpmath-1.3.0-py3-none-any.whl.metadata (8.6 kB)
Collecting httptools>=0.6.3 (from uvicorn[standard]>=0.32.0->-r requirements.txt (line 2))
  Downloading httptools-0.7.1-cp314-cp314-win_amd64.whl.metadata (3.6 kB)
Collecting watchfiles>=0.20 (from uvicorn[standard]>=0.32.0->-r requirements.txt (line 2))
  Downloading watchfiles-1.2.0-cp314-cp314-win_amd64.whl.metadata (5.0 kB)
WARNING: Cache entry deserialization failed, entry ignored
Collecting MarkupSafe>=2.0 (from jinja2->torch<3.0.0,>=2.2.2->docling-slim[standard]==2.95.0->docling>=2.10.0->-r requirements.txt (line 7))
  Using cached markupsafe-3.0.3-cp314-cp314-win_amd64.whl.metadata (2.8 kB)
Collecting multiprocess>=0.70.15 (from mpire[dill]->semchunk<4.0.0,>=2.2.0->docling-core[chunking]<3.0.0,>=2.73.0; extra == "standard"->docling-slim[standard]==2.95.0->docling>=2.10.0->-r requirements.txt (line 7))
  Downloading multiprocess-0.70.19-py314-none-any.whl.metadata (7.2 kB)
Collecting dill>=0.4.1 (from multiprocess>=0.70.15->mpire[dill]->semchunk<4.0.0,>=2.2.0->docling-core[chunking]<3.0.0,>=2.73.0; extra == "standard"->docling-slim[standard]==2.95.0->docling>=2.10.0->-r requirements.txt (line 7))
  Downloading dill-0.4.1-py3-none-any.whl.metadata (10 kB)
Collecting antlr4-python3-runtime==4.9.* (from omegaconf->rapidocr<4.0.0,>=3.8->docling-slim[standard]==2.95.0->docling>=2.10.0->-r requirements.txt (line 7))
  Downloading antlr4-python3-runtime-4.9.3.tar.gz (117 kB)
  Installing build dependencies: started
  Installing build dependencies: finished with status 'done'
  Getting requirements to build wheel: started
  Getting requirements to build wheel: finished with status 'done'
  Preparing metadata (pyproject.toml): started
  Preparing metadata (pyproject.toml): finished with status 'done'
Downloading fastapi-0.136.3-py3-none-any.whl (117 kB)
Downloading uvicorn-0.48.0-py3-none-any.whl (71 kB)
Downloading python_multipart-0.0.29-py3-none-any.whl (29 kB)
Downloading sqlalchemy-2.0.49-cp314-cp314-win_amd64.whl (2.1 MB)
   ---------------------------------------- 2.1/2.1 MB 4.6 MB/s  0:00:00
Downloading pydantic-2.13.4-py3-none-any.whl (472 kB)
Downloading pydantic_core-2.46.4-cp314-cp314-win_amd64.whl (2.1 MB)
   ---------------------------------------- 2.1/2.1 MB 1.8 MB/s  0:00:01
Using cached python_dotenv-1.2.2-py3-none-any.whl (22 kB)
Downloading docling-2.95.0-py3-none-any.whl (4.8 kB)
Downloading docling_slim-2.95.0-py3-none-any.whl (520 kB)
Downloading pillow-12.2.0-cp314-cp314-win_amd64.whl (7.2 MB)
   ---------------------------------------- 7.2/7.2 MB 4.0 MB/s  0:00:01
Downloading accelerate-1.13.0-py3-none-any.whl (383 kB)
Downloading beautifulsoup4-4.14.3-py3-none-any.whl (107 kB)
Downloading defusedxml-0.7.1-py2.py3-none-any.whl (25 kB)
Downloading docling_core-2.77.0-py3-none-any.whl (283 kB)
Downloading docling_ibm_models-3.13.2-py3-none-any.whl (94 kB)
Downloading docling_parse-5.11.0-cp314-cp314-win_amd64.whl (11.3 MB)
   ---------------------------------------- 11.3/11.3 MB 3.2 MB/s  0:00:03
Downloading filetype-1.2.0-py2.py3-none-any.whl (19 kB)
Using cached httpx-0.28.1-py3-none-any.whl (73 kB)
Using cached httpcore-1.0.9-py3-none-any.whl (78 kB)
Downloading huggingface_hub-1.16.1-py3-none-any.whl (668 kB)
   ---------------------------------------- 668.2/668.2 kB 5.7 MB/s  0:00:00
Downloading hf_xet-1.5.0-cp37-abi3-win_amd64.whl (4.0 MB)
   ---------------------------------------- 4.0/4.0 MB 3.8 MB/s  0:00:01
Downloading jsonlines-4.0.0-py3-none-any.whl (8.7 kB)
Downloading jsonref-1.1.0-py3-none-any.whl (9.4 kB)
Downloading jsonschema-4.26.0-py3-none-any.whl (90 kB)
Downloading latex2mathml-3.81.0-py3-none-any.whl (79 kB)
Downloading lxml-6.1.1-cp314-cp314-win_amd64.whl (4.1 MB)
   ---------------------------------------- 4.1/4.1 MB 4.2 MB/s  0:00:00
Downloading marko-2.2.2-py3-none-any.whl (42 kB)
Downloading numpy-2.4.6-cp314-cp314-win_amd64.whl (12.5 MB)
   ---------------------------------------- 12.5/12.5 MB 3.8 MB/s  0:00:03
Downloading openpyxl-3.1.5-py2.py3-none-any.whl (250 kB)
Downloading pandas-3.0.3-cp314-cp314-win_amd64.whl (9.9 MB)
   ---------------------------------------- 9.9/9.9 MB 3.8 MB/s  0:00:02
Downloading pluggy-1.6.0-py3-none-any.whl (20 kB)
Downloading pydantic_settings-2.14.1-py3-none-any.whl (60 kB)
Downloading pypdfium2-5.8.0-py3-none-win_amd64.whl (3.8 MB)
   ---------------------------------------- 3.8/3.8 MB 4.2 MB/s  0:00:00
Downloading python_docx-1.2.0-py3-none-any.whl (252 kB)
Downloading python_pptx-1.0.2-py3-none-any.whl (472 kB)
Downloading pyyaml-6.0.3-cp314-cp314-win_amd64.whl (156 kB)
Downloading rapidocr-3.8.1-py3-none-any.whl (15.1 MB)
   ---------------------------------------- 15.1/15.1 MB 3.8 MB/s  0:00:03
Downloading requests-2.34.2-py3-none-any.whl (73 kB)
Downloading charset_normalizer-3.4.7-cp314-cp314-win_amd64.whl (159 kB)
Downloading idna-3.16-py3-none-any.whl (74 kB)
Downloading rtree-1.4.1-py3-none-win_amd64.whl (389 kB)
Downloading safetensors-0.7.0-cp38-abi3-win_amd64.whl (341 kB)
Using cached scipy-1.17.1-cp314-cp314-win_amd64.whl (37.3 MB)
Downloading semchunk-3.2.5-py3-none-any.whl (13 kB)
Downloading tabulate-0.10.0-py3-none-any.whl (39 kB)
Downloading torch-2.12.0-cp314-cp314-win_amd64.whl (123.0 MB)
   ---------------------------------------- 123.0/123.0 MB 3.8 MB/s  0:00:32
Downloading setuptools-81.0.0-py3-none-any.whl (1.1 MB)
   ---------------------------------------- 1.1/1.1 MB 5.9 MB/s  0:00:00
Downloading torchvision-0.27.0-cp314-cp314-win_amd64.whl (4.1 MB)
   ---------------------------------------- 4.1/4.1 MB 3.8 MB/s  0:00:01
Downloading tqdm-4.67.3-py3-none-any.whl (78 kB)
Downloading transformers-5.9.0-py3-none-any.whl (10.8 MB)
   ---------------------------------------- 10.8/10.8 MB 3.9 MB/s  0:00:02
Downloading tokenizers-0.22.2-cp39-abi3-win_amd64.whl (2.7 MB)
   ---------------------------------------- 2.7/2.7 MB 3.9 MB/s  0:00:00
Downloading tree_sitter-0.25.2-cp314-cp314-win_amd64.whl (130 kB)
Downloading typer-0.21.2-py3-none-any.whl (56 kB)
Using cached typing_extensions-4.15.0-py3-none-any.whl (44 kB)
Downloading urllib3-2.7.0-py3-none-any.whl (131 kB)
Downloading websockets-16.0-cp314-cp314-win_amd64.whl (178 kB)
Downloading google_genai-2.6.0-py3-none-any.whl (821 kB)
   ---------------------------------------- 821.0/821.0 kB 5.1 MB/s  0:00:00
Using cached anyio-4.13.0-py3-none-any.whl (114 kB)
Using cached distro-1.9.0-py3-none-any.whl (20 kB)
Downloading google_auth-2.53.0-py3-none-any.whl (246 kB)
Downloading tenacity-9.1.4-py3-none-any.whl (28 kB)
Downloading annotated_doc-0.0.4-py3-none-any.whl (5.3 kB)
Using cached annotated_types-0.7.0-py3-none-any.whl (13 kB)
Using cached attrs-26.1.0-py3-none-any.whl (67 kB)
Downloading certifi-2026.5.20-py3-none-any.whl (134 kB)
Downloading click-8.4.1-py3-none-any.whl (116 kB)
Downloading cryptography-48.0.0-cp311-abi3-win_amd64.whl (3.8 MB)
   ---------------------------------------- 3.8/3.8 MB 4.1 MB/s  0:00:00
Using cached cffi-2.0.0-cp314-cp314-win_amd64.whl (185 kB)
Downloading filelock-3.29.0-py3-none-any.whl (39 kB)
Downloading fsspec-2026.4.0-py3-none-any.whl (203 kB)
Downloading greenlet-3.5.1-cp314-cp314-win_amd64.whl (239 kB)
Using cached h11-0.16.0-py3-none-any.whl (37 kB)
Downloading jsonschema_specifications-2025.9.1-py3-none-any.whl (18 kB)
Downloading networkx-3.6.1-py3-none-any.whl (2.1 MB)
   ---------------------------------------- 2.1/2.1 MB 4.2 MB/s  0:00:00
Downloading opencv_python-4.13.0.92-cp37-abi3-win_amd64.whl (40.2 MB)
   ---------------------------------------- 40.2/40.2 MB 3.8 MB/s  0:00:10
Downloading packaging-26.2-py3-none-any.whl (100 kB)
Downloading polyfactory-3.3.0-py3-none-any.whl (62 kB)
Downloading faker-40.19.1-py3-none-any.whl (2.0 MB)
   ---------------------------------------- 2.0/2.0 MB 4.5 MB/s  0:00:00
Downloading pyasn1_modules-0.4.2-py3-none-any.whl (181 kB)
Downloading pyasn1-0.6.3-py3-none-any.whl (83 kB)
Downloading pyclipper-1.4.0-cp314-cp314-win_amd64.whl (106 kB)
Using cached python_dateutil-2.9.0.post0-py2.py3-none-any.whl (229 kB)
Downloading pywin32-311-cp314-cp314-win_amd64.whl (9.7 MB)
   ---------------------------------------- 9.7/9.7 MB 3.8 MB/s  0:00:02
Downloading referencing-0.37.0-py3-none-any.whl (26 kB)
Downloading regex-2026.5.9-cp314-cp314-win_amd64.whl (280 kB)
Downloading rich-15.0.0-py3-none-any.whl (310 kB)
Downloading pygments-2.20.0-py3-none-any.whl (1.2 MB)
   ---------------------------------------- 1.2/1.2 MB 3.5 MB/s  0:00:00
Downloading markdown_it_py-4.2.0-py3-none-any.whl (91 kB)
Downloading mdurl-0.1.2-py3-none-any.whl (10.0 kB)
Downloading rpds_py-0.30.0-cp314-cp314-win_amd64.whl (228 kB)
Downloading shapely-2.1.2-cp314-cp314-win_amd64.whl (1.8 MB)
   ---------------------------------------- 1.8/1.8 MB 4.2 MB/s  0:00:00
Downloading shellingham-1.5.4-py2.py3-none-any.whl (9.8 kB)
Using cached six-1.17.0-py2.py3-none-any.whl (11 kB)
Downloading soupsieve-2.8.3-py3-none-any.whl (37 kB)
Downloading starlette-1.1.0-py3-none-any.whl (72 kB)
Downloading sympy-1.14.0-py3-none-any.whl (6.3 MB)
   ---------------------------------------- 6.3/6.3 MB 3.9 MB/s  0:00:01
Downloading mpmath-1.3.0-py3-none-any.whl (536 kB)
   ---------------------------------------- 536.2/536.2 kB 4.0 MB/s  0:00:00
Downloading tree_sitter_c-0.24.2-cp310-abi3-win_amd64.whl (84 kB)
Downloading tree_sitter_javascript-0.25.0-cp310-abi3-win_amd64.whl (62 kB)
Downloading tree_sitter_python-0.25.0-cp310-abi3-win_amd64.whl (76 kB)
Downloading tree_sitter_typescript-0.23.2-cp39-abi3-win_amd64.whl (278 kB)
Using cached typing_inspection-0.4.2-py3-none-any.whl (14 kB)
Using cached colorama-0.4.6-py2.py3-none-any.whl (25 kB)
Downloading httptools-0.7.1-cp314-cp314-win_amd64.whl (88 kB)
Downloading watchfiles-1.2.0-cp314-cp314-win_amd64.whl (288 kB)
Downloading xlsxwriter-3.2.9-py3-none-any.whl (175 kB)
Downloading colorlog-6.10.1-py3-none-any.whl (11 kB)
Downloading et_xmlfile-2.0.0-py3-none-any.whl (18 kB)
Using cached jinja2-3.1.6-py3-none-any.whl (134 kB)
Using cached markupsafe-3.0.3-cp314-cp314-win_amd64.whl (15 kB)
Downloading mpire-2.10.2-py3-none-any.whl (272 kB)
Downloading multiprocess-0.70.19-py314-none-any.whl (160 kB)
Downloading dill-0.4.1-py3-none-any.whl (120 kB)
Downloading omegaconf-2.3.0-py3-none-any.whl (79 kB)
Downloading psutil-7.2.2-cp37-abi3-win_amd64.whl (137 kB)
Using cached pycparser-3.0-py3-none-any.whl (48 kB)
Using cached sniffio-1.3.1-py3-none-any.whl (10 kB)
Downloading tzdata-2026.2-py2.py3-none-any.whl (349 kB)
Building wheels for collected packages: pylatexenc, antlr4-python3-runtime
  Building wheel for pylatexenc (pyproject.toml): started
  Building wheel for pylatexenc (pyproject.toml): finished with status 'done'
  Created wheel for pylatexenc: filename=pylatexenc-2.10-py3-none-any.whl size=138971 sha256=72d26b9d51fd7173bf5a7be06cdb9e35f11177c2e775ea6c69dbcfb692fa9a09
  Stored in directory: c:\users\elcot\appdata\local\pip\cache\wheels\6e\51\1c\e4691ba960b6fe12c01239f26bc63c58d5c4e754b58ace903d
  Building wheel for antlr4-python3-runtime (pyproject.toml): started
  Building wheel for antlr4-python3-runtime (pyproject.toml): finished with status 'done'
  Created wheel for antlr4-python3-runtime: filename=antlr4_python3_runtime-4.9.3-py3-none-any.whl size=144616 sha256=203b9b36a136e0a622b2a34c19d87279032fd567db7fc8d169ba9056711f6a5b
  Stored in directory: c:\users\elcot\appdata\local\pip\cache\wheels\ea\ca\a6\5ad163e6c66e23b25d4e6a81dba06bce77047ef6257d643728
Successfully built pylatexenc antlr4-python3-runtime
Installing collected packages: pywin32, pylatexenc, mpmath, filetype, antlr4-python3-runtime, XlsxWriter, websockets, urllib3, tzdata, typing-extensions, tree-sitter-typescript, tree-sitter-python, tree-sitter-javascript, tree-sitter-c, tree-sitter, tenacity, tabulate, sympy, soupsieve, sniffio, six, shellingham, setuptools, safetensors, rtree, rpds-py, regex, pyyaml, python-multipart, python-dotenv, pypdfium2, pygments, pycparser, pyclipper, pyasn1, psutil, pluggy, Pillow, packaging, numpy, networkx, mdurl, MarkupSafe, marko, lxml, latex2mathml, jsonref, idna, httptools, hf-xet, h11, greenlet, fsspec, filelock, et-xmlfile, distro, dill, defusedxml, colorama, charset_normalizer, certifi, attrs, annotated-types, annotated-doc, typing-inspection, tqdm, sqlalchemy, Shapely, scipy, requests, referencing, python-pptx, python-docx, python-dateutil, pydantic-core, pyasn1-modules, openpyxl, opencv_python, omegaconf, multiprocess, markdown-it-py, jsonlines, jinja2, httpcore, faker, colorlog, click, cffi, beautifulsoup4, anyio, watchfiles, uvicorn, torch, starlette, rich, rapidocr, pydantic, polyfactory, pandas, mpire, jsonschema-specifications, httpx, cryptography, typer, torchvision, pydantic-settings, jsonschema, google-auth, fastapi, semchunk, huggingface-hub, docling-core, tokenizers, google-genai, docling-slim, docling-parse, accelerate, transformers, docling-ibm-models, docling

Successfully installed MarkupSafe-3.0.3 Pillow-12.2.0 Shapely-2.1.2 XlsxWriter-3.2.9 accelerate-1.13.0 annotated-doc-0.0.4 annotated-types-0.7.0 antlr4-python3-runtime-4.9.3 anyio-4.13.0 attrs-26.1.0 beautifulsoup4-4.14.3 certifi-2026.5.20 cffi-2.0.0 charset_normalizer-3.4.7 click-8.4.1 colorama-0.4.6 colorlog-6.10.1 cryptography-48.0.0 defusedxml-0.7.1 dill-0.4.1 distro-1.9.0 docling-2.95.0 docling-core-2.77.0 docling-ibm-models-3.13.2 docling-parse-5.11.0 docling-slim-2.95.0 et-xmlfile-2.0.0 faker-40.19.1 fastapi-0.136.3 filelock-3.29.0 filetype-1.2.0 fsspec-2026.4.0 google-auth-2.53.0 google-genai-2.6.0 greenlet-3.5.1 h11-0.16.0 hf-xet-1.5.0 httpcore-1.0.9 httptools-0.7.1 httpx-0.28.1 huggingface-hub-1.16.1 idna-3.16 jinja2-3.1.6 jsonlines-4.0.0 jsonref-1.1.0 jsonschema-4.26.0 jsonschema-specifications-2025.9.1 latex2mathml-3.81.0 lxml-6.1.1 markdown-it-py-4.2.0 marko-2.2.2 mdurl-0.1.2 mpire-2.10.2 mpmath-1.3.0 multiprocess-0.70.19 networkx-3.6.1 numpy-2.4.6 omegaconf-2.3.0 opencv_python-4.13.0.92 openpyxl-3.1.5 packaging-26.2 pandas-3.0.3 pluggy-1.6.0 polyfactory-3.3.0 psutil-7.2.2 pyasn1-0.6.3 pyasn1-modules-0.4.2 pyclipper-1.4.0 pycparser-3.0 pydantic-2.13.4 pydantic-core-2.46.4 pydantic-settings-2.14.1 pygments-2.20.0 pylatexenc-2.10 pypdfium2-5.8.0 python-dateutil-2.9.0.post0 python-docx-1.2.0 python-dotenv-1.2.2 python-multipart-0.0.29 python-pptx-1.0.2 pywin32-311 pyyaml-6.0.3 rapidocr-3.8.1 referencing-0.37.0 regex-2026.5.9 requests-2.34.2 rich-15.0.0 rpds-py-0.30.0 rtree-1.4.1 safetensors-0.7.0 scipy-1.17.1 semchunk-3.2.5 setuptools-81.0.0 shellingham-1.5.4 six-1.17.0 sniffio-1.3.1 soupsieve-2.8.3 sqlalchemy-2.0.49 starlette-1.1.0 sympy-1.14.0 tabulate-0.10.0 tenacity-9.1.4 tokenizers-0.22.2 torch-2.12.0 torchvision-0.27.0 tqdm-4.67.3 transformers-5.9.0 tree-sitter-0.25.2 tree-sitter-c-0.24.2 tree-sitter-javascript-0.25.0 tree-sitter-python-0.25.0 tree-sitter-typescript-0.23.2 typer-0.21.2 typing-extensions-4.15.0 typing-inspection-0.4.2 tzdata-2026.2 urllib3-2.7.0 uvicorn-0.48.0 watchfiles-1.2.0 websockets-16.0
